[debug] [2025-10-14T19:57:43.208Z] ----------------------------------------------------------------------
[debug] [2025-10-14T19:57:43.211Z] Command:       C:\Program Files\nodejs\node.exe C:\Users\laser\AppData\Roaming\npm\node_modules\firebase-tools\lib\bin\firebase.js init
[debug] [2025-10-14T19:57:43.211Z] CLI Version:   14.19.1
[debug] [2025-10-14T19:57:43.211Z] Platform:      win32
[debug] [2025-10-14T19:57:43.212Z] Node Version:  v22.20.0
[debug] [2025-10-14T19:57:43.212Z] Time:          Tue Oct 14 2025 12:57:43 GMT-0700 (Pacific Daylight Time)
[debug] [2025-10-14T19:57:43.212Z] ----------------------------------------------------------------------
[debug] 
[info] 
     ######## #### ########  ######## ########     ###     ######  ########
     ##        ##  ##     ## ##       ##     ##  ##   ##  ##       ##
     ######    ##  ########  ######   ########  #########  ######  ######
     ##        ##  ##    ##  ##       ##     ## ##     ##       ## ##
     ##       #### ##     ## ######## ########  ##     ##  ######  ########

You're about to initialize a Firebase project in this directory:

  C:\Users\laser\OneDrive\Desktop\Code\glow-web\glow

[debug] [2025-10-14T19:58:34.400Z] ExitPromptError: User force closed the prompt with SIGINT
    at Interface.sigint (C:\Users\laser\AppData\Roaming\npm\node_modules\firebase-tools\node_modules\@inquirer\core\dist\commonjs\lib\create-prompt.js:101:37)
    at Interface.emit (node:events:519:28)
    at Interface.emit (node:domain:489:12)
    at [_ttyWrite] [as _ttyWrite] (node:internal/readline/interface:1128:18)
    at ReadStream.onkeypress (node:internal/readline/interface:271:20)
    at ReadStream.emit (node:events:531:35)
    at ReadStream.emit (node:domain:489:12)
    at emitKeys (node:internal/readline/utils:370:14)
    at emitKeys.next (<anonymous>)
    at ReadStream.onData (node:internal/readline/emitKeypressEvents:64:36)
[error] 
[error] Error: An unexpected error has occurred.
[debug] [2025-10-14T23:23:32.620Z] ----------------------------------------------------------------------
[debug] [2025-10-14T23:23:32.622Z] Command:       C:\Program Files\nodejs\node.exe C:\Users\laser\AppData\Roaming\npm\node_modules\firebase-tools\lib\bin\firebase.js init hosting
[debug] [2025-10-14T23:23:32.622Z] CLI Version:   14.19.1
[debug] [2025-10-14T23:23:32.622Z] Platform:      win32
[debug] [2025-10-14T23:23:32.622Z] Node Version:  v22.20.0
[debug] [2025-10-14T23:23:32.623Z] Time:          Tue Oct 14 2025 16:23:32 GMT-0700 (Pacific Daylight Time)
[debug] [2025-10-14T23:23:32.623Z] ----------------------------------------------------------------------
[debug] 
[info] 
     ######## #### ########  ######## ########     ###     ######  ########
     ##        ##  ##     ## ##       ##     ##  ##   ##  ##       ##
     ######    ##  ########  ######   ########  #########  ######  ######
     ##        ##  ##    ##  ##       ##     ## ##     ##       ## ##
     ##       #### ##     ## ######## ########  ##     ##  ######  ########

You're about to initialize a Firebase project in this directory:

  C:\Users\laser\OneDrive\Desktop\Code\glow-web\glow

[info] 
=== Project Setup
[info] 
[info] First, let's associate this project directory with a Firebase project.
[info] You can create multiple project aliases by running firebase use --add, 
[info] 
[debug] [2025-10-14T23:23:41.002Z] > command requires scopes: ["email","openid","https://www.googleapis.com/auth/cloudplatformprojects.readonly","https://www.googleapis.com/auth/firebase","https://www.googleapis.com/auth/cloud-platform"]
[debug] [2025-10-14T23:23:41.003Z] > authorizing via signed-in user (lasereldergod@gmail.com)
[debug] [2025-10-14T23:23:41.004Z] Checked if tokens are valid: false, expires at: 1760475425546
[debug] [2025-10-14T23:23:41.004Z] Checked if tokens are valid: false, expires at: 1760475425546
[debug] [2025-10-14T23:23:41.004Z] > refreshing access token with scopes: []
[debug] [2025-10-14T23:23:41.006Z] >>> [apiv2][query] POST https://www.googleapis.com/oauth2/v3/token [none]
[debug] [2025-10-14T23:23:41.006Z] >>> [apiv2][body] POST https://www.googleapis.com/oauth2/v3/token [omitted]
[debug] [2025-10-14T23:23:41.118Z] <<< [apiv2][status] POST https://www.googleapis.com/oauth2/v3/token 200
[debug] [2025-10-14T23:23:41.118Z] <<< [apiv2][body] POST https://www.googleapis.com/oauth2/v3/token [omitted]
[debug] [2025-10-14T23:23:41.126Z] >>> [apiv2][query] GET https://firebase.googleapis.com/v1beta1/projects pageSize=100
[debug] [2025-10-14T23:23:41.578Z] <<< [apiv2][status] GET https://firebase.googleapis.com/v1beta1/projects 200
[debug] [2025-10-14T23:23:41.578Z] <<< [apiv2][body] GET https://firebase.googleapis.com/v1beta1/projects [omitted]
[info] 
=== Hosting Setup
[debug] [2025-10-14T23:23:46.574Z] Checked if tokens are valid: true, expires at: 1760487820118
[debug] [2025-10-14T23:23:46.575Z] Checked if tokens are valid: true, expires at: 1760487820118
[debug] [2025-10-14T23:23:46.575Z] >>> [apiv2][query] GET https://firebase.googleapis.com/v1beta1/projects/glow-u-4ccc5 [none]
[debug] [2025-10-14T23:23:46.913Z] <<< [apiv2][status] GET https://firebase.googleapis.com/v1beta1/projects/glow-u-4ccc5 200
[debug] [2025-10-14T23:23:46.914Z] <<< [apiv2][body] GET https://firebase.googleapis.com/v1beta1/projects/glow-u-4ccc5 {"projectId":"glow-u-4ccc5","projectNumber":"80203310835","displayName":"glow-u","name":"projects/glow-u-4ccc5","resources":{"hostingSite":"glow-u-4ccc5"},"state":"ACTIVE","etag":"1_03ceb962-aef2-4bb2-95d1-b9e5df9dd5ba"}
[info] 
[info] Your public directory is the folder (relative to your project directory) that
[info] will contain Hosting assets to be uploaded with firebase deploy. If you
[info] have a build process for your assets, use your build's output directory.
[info] 
[debug] [2025-10-14T23:24:15.087Z] ExitPromptError: User force closed the prompt with SIGINT
    at Interface.sigint (C:\Users\laser\AppData\Roaming\npm\node_modules\firebase-tools\node_modules\@inquirer\core\dist\commonjs\lib\create-prompt.js:101:37)
    at Interface.emit (node:events:519:28)
    at Interface.emit (node:domain:489:12)
    at [_ttyWrite] [as _ttyWrite] (node:internal/readline/interface:1128:18)
    at ReadStream.onkeypress (node:internal/readline/interface:271:20)
    at ReadStream.emit (node:events:531:35)
    at ReadStream.emit (node:domain:489:12)
    at emitKeys (node:internal/readline/utils:370:14)
    at emitKeys.next (<anonymous>)
    at ReadStream.onData (node:internal/readline/emitKeypressEvents:64:36)
[error] 
[error] Error: An unexpected error has occurred.
[debug] [2025-10-14T23:24:18.348Z] ----------------------------------------------------------------------
[debug] [2025-10-14T23:24:18.350Z] Command:       C:\Program Files\nodejs\node.exe C:\Users\laser\AppData\Roaming\npm\node_modules\firebase-tools\lib\bin\firebase.js init hosting
[debug] [2025-10-14T23:24:18.350Z] CLI Version:   14.19.1
[debug] [2025-10-14T23:24:18.351Z] Platform:      win32
[debug] [2025-10-14T23:24:18.351Z] Node Version:  v22.20.0
[debug] [2025-10-14T23:24:18.351Z] Time:          Tue Oct 14 2025 16:24:18 GMT-0700 (Pacific Daylight Time)
[debug] [2025-10-14T23:24:18.351Z] ----------------------------------------------------------------------
[debug] 
[info] 
     ######## #### ########  ######## ########     ###     ######  ########
     ##        ##  ##     ## ##       ##     ##  ##   ##  ##       ##
     ######    ##  ########  ######   ########  #########  ######  ######
     ##        ##  ##    ##  ##       ##     ## ##     ##       ## ##
     ##       #### ##     ## ######## ########  ##     ##  ######  ########

You're about to initialize a Firebase project in this directory:

  C:\Users\laser\OneDrive\Desktop\Code\glow-web\glow

[info] 
=== Project Setup
[info] 
[info] First, let's associate this project directory with a Firebase project.
[info] You can create multiple project aliases by running firebase use --add, 
[info] 
[debug] [2025-10-14T23:24:19.837Z] > command requires scopes: ["email","openid","https://www.googleapis.com/auth/cloudplatformprojects.readonly","https://www.googleapis.com/auth/firebase","https://www.googleapis.com/auth/cloud-platform"]
[debug] [2025-10-14T23:24:19.837Z] > authorizing via signed-in user (lasereldergod@gmail.com)
[debug] [2025-10-14T23:24:19.838Z] Checked if tokens are valid: true, expires at: 1760487820118
[debug] [2025-10-14T23:24:19.838Z] Checked if tokens are valid: true, expires at: 1760487820118
[debug] [2025-10-14T23:24:19.839Z] >>> [apiv2][query] GET https://firebase.googleapis.com/v1beta1/projects/glow-u-4ccc5 [none]
[debug] [2025-10-14T23:24:20.106Z] <<< [apiv2][status] GET https://firebase.googleapis.com/v1beta1/projects/glow-u-4ccc5 200
[debug] [2025-10-14T23:24:20.106Z] <<< [apiv2][body] GET https://firebase.googleapis.com/v1beta1/projects/glow-u-4ccc5 {"projectId":"glow-u-4ccc5","projectNumber":"80203310835","displayName":"glow-u","name":"projects/glow-u-4ccc5","resources":{"hostingSite":"glow-u-4ccc5"},"state":"ACTIVE","etag":"1_03ceb962-aef2-4bb2-95d1-b9e5df9dd5ba"}
[info] i  Using project glow-u-4ccc5 (glow-u) . 
[info] 
=== Hosting Setup
[debug] [2025-10-14T23:24:20.209Z] Checked if tokens are valid: true, expires at: 1760487820118
[debug] [2025-10-14T23:24:20.209Z] Checked if tokens are valid: true, expires at: 1760487820118
[debug] [2025-10-14T23:24:20.209Z] >>> [apiv2][query] GET https://firebase.googleapis.com/v1beta1/projects/glow-u-4ccc5 [none]
[debug] [2025-10-14T23:24:20.359Z] <<< [apiv2][status] GET https://firebase.googleapis.com/v1beta1/projects/glow-u-4ccc5 200
[debug] [2025-10-14T23:24:20.359Z] <<< [apiv2][body] GET https://firebase.googleapis.com/v1beta1/projects/glow-u-4ccc5 {"projectId":"glow-u-4ccc5","projectNumber":"80203310835","displayName":"glow-u","name":"projects/glow-u-4ccc5","resources":{"hostingSite":"glow-u-4ccc5"},"state":"ACTIVE","etag":"1_03ceb962-aef2-4bb2-95d1-b9e5df9dd5ba"}
[info] 
[info] Your public directory is the folder (relative to your project directory) that
[info] will contain Hosting assets to be uploaded with firebase deploy. If you
[info] have a build process for your assets, use your build's output directory.
[info] 
[debug] [2025-10-14T23:24:41.967Z] >>> [apiv2][query] GET https://www.gstatic.com/firebasejs/releases.json [none]
[debug] [2025-10-14T23:24:42.185Z] <<< [apiv2][status] GET https://www.gstatic.com/firebasejs/releases.json 200
[debug] [2025-10-14T23:24:42.185Z] <<< [apiv2][body] GET https://www.gstatic.com/firebasejs/releases.json {"current":{"version":"12.4.0","browserURL":"https://www.gstatic.com/firebasejs/12.4.0/firebase.js","packageURL":"https://www.gstatic.com/firebasejs/12.4.0/firebase.tgz"},"live":{"version":"12.4","browserURL":"https://www.gstatic.com/firebasejs/live/12.4/firebase.js","packageURL":"https://www.gstatic.com/firebasejs/live/12.4/firebase.tgz"},"components":{"ai":"https://www.gstatic.com/firebasejs/12.4.0/firebase-ai.js","analytics":"https://www.gstatic.com/firebasejs/12.4.0/firebase-analytics.js","app":"https://www.gstatic.com/firebasejs/12.4.0/firebase-app.js","app-check":"https://www.gstatic.com/firebasejs/12.4.0/firebase-app-check.js","auth":"https://www.gstatic.com/firebasejs/12.4.0/firebase-auth.js","auth/cordova":"https://www.gstatic.com/firebasejs/12.4.0/firebase-auth/cordova.js","auth/web-extension":"https://www.gstatic.com/firebasejs/12.4.0/firebase-auth/web-extension.js","functions":"https://www.gstatic.com/firebasejs/12.4.0/firebase-functions.js","firestore":"https://www.gstatic.com/firebasejs/12.4.0/firebase-firestore.js","firestore/lite":"https://www.gstatic.com/firebasejs/12.4.0/firebase-firestore/lite.js","installations":"https://www.gstatic.com/firebasejs/12.4.0/firebase-installations.js","storage":"https://www.gstatic.com/firebasejs/12.4.0/firebase-storage.js","performance":"https://www.gstatic.com/firebasejs/12.4.0/firebase-performance.js","remote-config":"https://www.gstatic.com/firebasejs/12.4.0/firebase-remote-config.js","messaging":"https://www.gstatic.com/firebasejs/12.4.0/firebase-messaging.js","messaging/sw":"https://www.gstatic.com/firebasejs/12.4.0/firebase-messaging/sw.js","database":"https://www.gstatic.com/firebasejs/12.4.0/firebase-database.js","data-connect":"https://www.gstatic.com/firebasejs/12.4.0/firebase-data-connect.js","firestore.memory":"https://www.gstatic.com/firebasejs/12.4.0/firebase-firestore.memory.js"}}
[info] +  Wrote public/index.html 
[info] 
[info] i  Didn't detect a .git folder. Assuming C:\Users\laser\OneDrive\Desktop\Code\glow-web\glow is the project root. 
[info] i  Authorizing with GitHub to upload your service account to a GitHub repository's secrets store. 
[info] 
[info] Visit this URL on this device to log in:
[info] https://github.com/login/oauth/authorize?client_id=89cf50f02ac6aaed3484&state=1038351472&redirect_uri=http%3A%2F%2Flocalhost%3A9005&scope=read%3Auser%20repo%20public_repo
[info] 
[info] Waiting for authentication...
[debug] [2025-10-14T23:24:54.294Z] >>> [apiv2][query] POST https://github.com/login/oauth/access_token [none]
[debug] [2025-10-14T23:24:54.295Z] >>> [apiv2][body] POST https://github.com/login/oauth/access_token [stream]
[debug] [2025-10-14T23:24:55.090Z] <<< [apiv2][status] POST https://github.com/login/oauth/access_token 200
[debug] [2025-10-14T23:24:55.091Z] <<< [apiv2][body] POST https://github.com/login/oauth/access_token {"access_token":"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","token_type":"bearer","scope":"read:user,repo"}
[debug] [2025-10-14T23:24:55.093Z] >>> [apiv2][query] GET https://api.github.com/user [none]
[debug] [2025-10-14T23:24:55.457Z] <<< [apiv2][status] GET https://api.github.com/user 200
[debug] [2025-10-14T23:24:55.457Z] <<< [apiv2][body] GET https://api.github.com/user {"login":"GlitchDino","id":39248385,"node_id":"MDQ6VXNlcjM5MjQ4Mzg1","avatar_url":"https://avatars.githubusercontent.com/u/39248385?v=4","gravatar_id":"","url":"https://api.github.com/users/GlitchDino","html_url":"https://github.com/GlitchDino","followers_url":"https://api.github.com/users/GlitchDino/followers","following_url":"https://api.github.com/users/GlitchDino/following{/other_user}","gists_url":"https://api.github.com/users/GlitchDino/gists{/gist_id}","starred_url":"https://api.github.com/users/GlitchDino/starred{/owner}{/repo}","subscriptions_url":"https://api.github.com/users/GlitchDino/subscriptions","organizations_url":"https://api.github.com/users/GlitchDino/orgs","repos_url":"https://api.github.com/users/GlitchDino/repos","events_url":"https://api.github.com/users/GlitchDino/events{/privacy}","received_events_url":"https://api.github.com/users/GlitchDino/received_events","type":"User","user_view_type":"private","site_admin":false,"name":null,"company":null,"blog":"","location":null,"email":null,"hireable":null,"bio":null,"twitter_username":null,"notification_email":null,"public_repos":11,"public_gists":0,"followers":0,"following":0,"created_at":"2018-05-13T22:22:11Z","updated_at":"2025-10-14T23:24:47Z","private_gists":0,"total_private_repos":12,"owned_private_repos":12,"disk_usage":93844,"collaborators":2,"two_factor_authentication":false,"plan":{"name":"free","space":976562499,"collaborators":0,"private_repos":10000}}
[info] 
[info] +  Success! Logged into GitHub as GlitchDino 
[info] 
[debug] [2025-10-14T23:25:58.477Z] ExitPromptError: User force closed the prompt with SIGINT
    at Interface.sigint (C:\Users\laser\AppData\Roaming\npm\node_modules\firebase-tools\node_modules\@inquirer\core\dist\commonjs\lib\create-prompt.js:101:37)
    at Interface.emit (node:events:519:28)
    at Interface.emit (node:domain:489:12)
    at [_ttyWrite] [as _ttyWrite] (node:internal/readline/interface:1128:18)
    at ReadStream.onkeypress (node:internal/readline/interface:271:20)
    at ReadStream.emit (node:events:531:35)
    at ReadStream.emit (node:domain:489:12)
    at emitKeys (node:internal/readline/utils:370:14)
    at emitKeys.next (<anonymous>)
    at ReadStream.onData (node:internal/readline/emitKeypressEvents:64:36)
[error] 
[error] Error: An unexpected error has occurred.
